0 info it worked if it ends with ok
1 verbose cli [ '/usr/local/bin/node',
1 verbose cli   '/usr/local/bin/npm',
1 verbose cli   'install',
1 verbose cli   '-g',
1 verbose cli   'node-inspector' ]
2 info using npm@2.14.2
3 info using node@v4.0.0
4 verbose install initial load of /usr/local/lib/package.json
5 verbose readDependencies loading dependencies from /usr/local/lib/package.json
6 silly cache add args [ 'node-inspector', null ]
7 verbose cache add spec node-inspector
8 silly cache add parsed spec Result {
8 silly cache add   raw: 'node-inspector',
8 silly cache add   scope: null,
8 silly cache add   name: 'node-inspector',
8 silly cache add   rawSpec: '',
8 silly cache add   spec: '*',
8 silly cache add   type: 'range' }
9 silly addNamed node-inspector@*
10 verbose addNamed "*" is a valid semver range for node-inspector
11 silly addNameRange { name: 'node-inspector', range: '*', hasData: false }
12 silly mapToRegistry name node-inspector
13 silly mapToRegistry using default registry
14 silly mapToRegistry registry https://registry.npmjs.org/
15 silly mapToRegistry uri https://registry.npmjs.org/node-inspector
16 verbose addNameRange registry:https://registry.npmjs.org/node-inspector not in flight; fetching
17 verbose request uri https://registry.npmjs.org/node-inspector
18 verbose request no auth needed
19 info attempt registry request try #1 at 2:24:13 PM
20 verbose request id d3d366d1bdcc27d0
21 http request GET https://registry.npmjs.org/node-inspector
22 http 200 https://registry.npmjs.org/node-inspector
23 silly get cb [ 200,
23 silly get   { server: 'CouchDB/1.5.0 (Erlang OTP/R16B03)',
23 silly get     etag: '"DP4WLIYYJRX6JP31UHXUU6QOW"',
23 silly get     'content-type': 'application/json',
23 silly get     'cache-control': 'max-age=60',
23 silly get     'content-length': '134216',
23 silly get     'accept-ranges': 'bytes',
23 silly get     date: 'Fri, 09 Oct 2015 21:24:14 GMT',
23 silly get     via: '1.1 varnish',
23 silly get     age: '36',
23 silly get     connection: 'keep-alive',
23 silly get     'x-served-by': 'cache-sjc3122-SJC',
23 silly get     'x-cache': 'HIT',
23 silly get     'x-cache-hits': '1',
23 silly get     'x-timer': 'S1444425854.083196,VS0,VE3',
23 silly get     vary: 'Accept' } ]
24 verbose get saving node-inspector to /Users/Ashish/.npm/registry.npmjs.org/node-inspector/.cache.json
25 silly addNameRange number 2 { name: 'node-inspector', range: '*', hasData: true }
26 silly addNameRange versions [ 'node-inspector',
26 silly addNameRange   [ '0.0.1',
26 silly addNameRange     '0.0.2',
26 silly addNameRange     '0.0.3',
26 silly addNameRange     '0.0.4',
26 silly addNameRange     '0.1.0',
26 silly addNameRange     '0.1.1',
26 silly addNameRange     '0.1.2',
26 silly addNameRange     '0.1.3',
26 silly addNameRange     '0.1.4',
26 silly addNameRange     '0.1.5',
26 silly addNameRange     '0.1.6',
26 silly addNameRange     '0.1.7',
26 silly addNameRange     '0.1.8',
26 silly addNameRange     '0.1.9',
26 silly addNameRange     '0.1.10',
26 silly addNameRange     '0.3.0',
26 silly addNameRange     '0.3.1',
26 silly addNameRange     '0.3.2',
26 silly addNameRange     '0.3.3',
26 silly addNameRange     '0.3.4',
26 silly addNameRange     '0.4.0',
26 silly addNameRange     '0.5.0',
26 silly addNameRange     '0.6.0',
26 silly addNameRange     '0.6.1',
26 silly addNameRange     '0.6.2',
26 silly addNameRange     '0.7.0-1',
26 silly addNameRange     '0.2.0-beta1',
26 silly addNameRange     '0.2.0-beta2',
26 silly addNameRange     '0.2.0-beta3',
26 silly addNameRange     '0.2.0-beta4',
26 silly addNameRange     '0.3.0-preview1',
26 silly addNameRange     '0.7.0-2',
26 silly addNameRange     '0.7.0',
26 silly addNameRange     '0.7.1',
26 silly addNameRange     '0.7.2',
26 silly addNameRange     '0.7.3',
26 silly addNameRange     '0.7.4',
26 silly addNameRange     '0.8.0',
26 silly addNameRange     '0.8.1',
26 silly addNameRange     '0.8.3',
26 silly addNameRange     '0.9.0',
26 silly addNameRange     '0.9.1',
26 silly addNameRange     '0.9.2',
26 silly addNameRange     '0.10.0',
26 silly addNameRange     '0.10.1',
26 silly addNameRange     '0.10.2',
26 silly addNameRange     '0.11.0',
26 silly addNameRange     '0.11.1',
26 silly addNameRange     '0.11.2',
26 silly addNameRange     '0.12.0',
26 silly addNameRange     '0.12.1',
26 silly addNameRange     '0.12.2',
26 silly addNameRange     '0.12.3' ] ]
27 silly addNamed node-inspector@0.12.3
28 verbose addNamed "0.12.3" is a plain semver version for node-inspector
29 silly mapToRegistry name node-inspector
30 silly mapToRegistry using default registry
31 silly mapToRegistry registry https://registry.npmjs.org/
32 silly mapToRegistry uri https://registry.npmjs.org/node-inspector
33 verbose addRemoteTarball https://registry.npmjs.org/node-inspector/-/node-inspector-0.12.3.tgz not in flight; adding
34 verbose addRemoteTarball [ 'https://registry.npmjs.org/node-inspector/-/node-inspector-0.12.3.tgz',
34 verbose addRemoteTarball   '238d0c9f4e6ca720e21b9a547aacbfde665beace' ]
35 info retry fetch attempt 1 at 2:24:14 PM
36 info attempt registry request try #1 at 2:24:14 PM
37 http fetch GET https://registry.npmjs.org/node-inspector/-/node-inspector-0.12.3.tgz
38 http fetch 200 https://registry.npmjs.org/node-inspector/-/node-inspector-0.12.3.tgz
39 silly fetchAndShaCheck shasum 238d0c9f4e6ca720e21b9a547aacbfde665beace
40 verbose addTmpTarball /var/folders/08/dv2wrprj35nbmdlb9bpcrw880000gn/T/npm-1558-ebe8f641/registry.npmjs.org/node-inspector/-/node-inspector-0.12.3.tgz not in flight; adding
41 verbose addTmpTarball already have metadata; skipping unpack for node-inspector@0.12.3
42 silly cache afterAdd node-inspector@0.12.3
43 verbose afterAdd /Users/Ashish/.npm/node-inspector/0.12.3/package/package.json not in flight; writing
44 verbose afterAdd /Users/Ashish/.npm/node-inspector/0.12.3/package/package.json written
45 silly install resolved [ { name: 'node-inspector',
45 silly install resolved     version: '0.12.3',
45 silly install resolved     description: 'Web Inspector based nodeJS debugger',
45 silly install resolved     homepage: 'http://github.com/node-inspector/node-inspector',
45 silly install resolved     author: { name: 'Danny Coates', email: 'dannycoates@gmail.com' },
45 silly install resolved     keywords: [ 'debug', 'debugger', 'inspector', 'profiler' ],
45 silly install resolved     repository:
45 silly install resolved      { type: 'git',
45 silly install resolved        url: 'http://github.com/node-inspector/node-inspector.git' },
45 silly install resolved     engines: { node: '>=0.8.0' },
45 silly install resolved     bin:
45 silly install resolved      { 'node-inspector': './bin/inspector.js',
45 silly install resolved        'node-debug': './bin/node-debug.js' },
45 silly install resolved     dependencies:
45 silly install resolved      { async: '~0.9',
45 silly install resolved        'biased-opener': '~0.2.2',
45 silly install resolved        debug: '^2.2.0',
45 silly install resolved        express: '^4.12.3',
45 silly install resolved        glob: '^5.0.5',
45 silly install resolved        'path-is-absolute': '^1.0.0',
45 silly install resolved        rc: '^1.0.1',
45 silly install resolved        semver: '^4.3.4',
45 silly install resolved        'serve-favicon': '^2.1.1',
45 silly install resolved        'strong-data-uri': '^1.0.0',
45 silly install resolved        'v8-debug': '~0.5.0',
45 silly install resolved        'v8-profiler': '~5.3.0',
45 silly install resolved        which: '^1.1.1',
45 silly install resolved        ws: '^0.8.0',
45 silly install resolved        yargs: '^3.9.0' },
45 silly install resolved     devDependencies:
45 silly install resolved      { promise: '^7.0.3',
45 silly install resolved        mocha: '^1.21',
45 silly install resolved        chai: '^2.1',
45 silly install resolved        jshint: '^2.4.4',
45 silly install resolved        'fs-extra': '~0.8.1' },
45 silly install resolved     preferGlobal: true,
45 silly install resolved     scripts:
45 silly install resolved      { pretest: 'jshint .',
45 silly install resolved        test: 'mocha',
45 silly install resolved        'generate-front-end': 'node --harmony tools/generate-front-end' },
45 silly install resolved     contributors:
45 silly install resolved      [ [Object],
45 silly install resolved        [Object],
45 silly install resolved        [Object],
45 silly install resolved        [Object],
45 silly install resolved        [Object],
45 silly install resolved        [Object],
45 silly install resolved        [Object],
45 silly install resolved        [Object],
45 silly install resolved        [Object],
45 silly install resolved        [Object],
45 silly install resolved        [Object],
45 silly install resolved        [Object],
45 silly install resolved        [Object],
45 silly install resolved        [Object],
45 silly install resolved        [Object],
45 silly install resolved        [Object],
45 silly install resolved        [Object],
45 silly install resolved        [Object],
45 silly install resolved        [Object],
45 silly install resolved        [Object],
45 silly install resolved        [Object],
45 silly install resolved        [Object],
45 silly install resolved        [Object],
45 silly install resolved        [Object],
45 silly install resolved        [Object],
45 silly install resolved        [Object],
45 silly install resolved        [Object],
45 silly install resolved        [Object],
45 silly install resolved        [Object],
45 silly install resolved        [Object],
45 silly install resolved        [Object] ],
45 silly install resolved     gitHead: '047a1fd57fa1a165c184d77b2b3c64126ff8cb94',
45 silly install resolved     bugs: { url: 'https://github.com/node-inspector/node-inspector/issues' },
45 silly install resolved     _id: 'node-inspector@0.12.3',
45 silly install resolved     _shasum: '238d0c9f4e6ca720e21b9a547aacbfde665beace',
45 silly install resolved     _from: 'node-inspector@*',
45 silly install resolved     _npmVersion: '1.4.28',
45 silly install resolved     _npmUser: { name: '3y3', email: '3y3@bk.ru' },
45 silly install resolved     maintainers: [ [Object], [Object], [Object], [Object], [Object] ],
45 silly install resolved     dist:
45 silly install resolved      { shasum: '238d0c9f4e6ca720e21b9a547aacbfde665beace',
45 silly install resolved        tarball: 'http://registry.npmjs.org/node-inspector/-/node-inspector-0.12.3.tgz' },
45 silly install resolved     directories: {},
45 silly install resolved     _resolved: 'https://registry.npmjs.org/node-inspector/-/node-inspector-0.12.3.tgz' } ]
46 info install node-inspector@0.12.3 into /usr/local/lib
47 info installOne node-inspector@0.12.3
48 verbose installOne of node-inspector to /usr/local/lib not in flight; installing
49 verbose lock using /Users/Ashish/.npm/_locks/node-inspector-885d0a05b8e6718d.lock for /usr/local/lib/node_modules/node-inspector
50 silly install write writing node-inspector 0.12.3 to /usr/local/lib/node_modules/node-inspector
51 verbose unbuild lib/node_modules/node-inspector
52 silly gentlyRm /usr/local/lib/node_modules/node-inspector is being purged from base /usr/local
53 verbose gentlyRm don't care about contents; nuking /usr/local/lib/node_modules/node-inspector
54 verbose tar unpack /Users/Ashish/.npm/node-inspector/0.12.3/package.tgz
55 verbose tar unpacking to /usr/local/lib/node_modules/node-inspector
56 silly gentlyRm /usr/local/lib/node_modules/node-inspector is being purged
57 verbose gentlyRm don't care about contents; nuking /usr/local/lib/node_modules/node-inspector
58 silly gunzTarPerm modes [ '755', '644' ]
59 error tar.unpack untar error /Users/Ashish/.npm/node-inspector/0.12.3/package.tgz
60 verbose unlock done using /Users/Ashish/.npm/_locks/node-inspector-885d0a05b8e6718d.lock for /usr/local/lib/node_modules/node-inspector
61 verbose fstream_path /usr/local/lib/node_modules/node-inspector
62 verbose fstream_type Directory
63 verbose fstream_class DirWriter
64 verbose stack Error: EACCES: permission denied, mkdir '/usr/local/lib/node_modules/node-inspector'
64 verbose stack     at Error (native)
65 verbose fstream_stack /usr/local/lib/node_modules/npm/node_modules/fstream/lib/dir-writer.js:35:25
65 verbose fstream_stack /usr/local/lib/node_modules/npm/node_modules/mkdirp/index.js:47:53
65 verbose fstream_stack FSReqWrap.oncomplete (fs.js:82:15)
66 verbose cwd /Users/Ashish/Documents/workspace/Facebook
67 error Darwin 14.5.0
68 error argv "/usr/local/bin/node" "/usr/local/bin/npm" "install" "-g" "node-inspector"
69 error node v4.0.0
70 error npm  v2.14.2
71 error path /usr/local/lib/node_modules/node-inspector
72 error code EACCES
73 error errno -13
74 error syscall mkdir
75 error Error: EACCES: permission denied, mkdir '/usr/local/lib/node_modules/node-inspector'
75 error     at Error (native)
75 error  { [Error: EACCES: permission denied, mkdir '/usr/local/lib/node_modules/node-inspector']
75 error   errno: -13,
75 error   code: 'EACCES',
75 error   syscall: 'mkdir',
75 error   path: '/usr/local/lib/node_modules/node-inspector',
75 error   fstream_type: 'Directory',
75 error   fstream_path: '/usr/local/lib/node_modules/node-inspector',
75 error   fstream_class: 'DirWriter',
75 error   fstream_stack:
75 error    [ '/usr/local/lib/node_modules/npm/node_modules/fstream/lib/dir-writer.js:35:25',
75 error      '/usr/local/lib/node_modules/npm/node_modules/mkdirp/index.js:47:53',
75 error      'FSReqWrap.oncomplete (fs.js:82:15)' ] }
76 error Please try running this command again as root/Administrator.
77 verbose exit [ -13, true ]
78 verbose unbuild lib/node_modules/node-inspector
79 silly gentlyRm /usr/local/lib/node_modules/node-inspector is being purged from base /usr/local
80 verbose gentlyRm don't care about contents; nuking /usr/local/lib/node_modules/node-inspector
